Feature: Moistuere Level Management # features/moisture_management.feature:1

  Scenario Outline: Moisture level Below optimal for succulent -- @1.1                                    # features/moisture_management.feature:12
    Given an intelligent vase which is ready to manage soil moisture                                      # features/steps/moisture_management.py:14
    And the vase holds a Succulent                                                                        # features/steps/moisture_management.py:19
    And we have a list of optimal environment for plants where we can search the matching plant Succulent # features/steps/moisture_management.py:23
    And that plant requires an optimal moisture level between 8 and 12                                    # features/steps/moisture_management.py:28
    When the plant has an average moisture level of 5                                                     # features/steps/moisture_management.py:33
    Then Activate Pump should happen                                                                      # features/steps/moisture_management.py:37

  Scenario Outline: Moisture level Optimal for succulent -- @1.2                                          # features/moisture_management.feature:13
    Given an intelligent vase which is ready to manage soil moisture                                      # features/steps/moisture_management.py:14
    And the vase holds a Succulent                                                                        # features/steps/moisture_management.py:19
    And we have a list of optimal environment for plants where we can search the matching plant Succulent # features/steps/moisture_management.py:23
    And that plant requires an optimal moisture level between 8 and 12                                    # features/steps/moisture_management.py:28
    When the plant has an average moisture level of 10                                                    # features/steps/moisture_management.py:33
    Then Do Nothing should happen                                                                         # features/steps/moisture_management.py:37

  Scenario Outline: Moisture level Too high for succulent -- @1.3                                         # features/moisture_management.feature:14
    Given an intelligent vase which is ready to manage soil moisture                                      # features/steps/moisture_management.py:14
    And the vase holds a Succulent                                                                        # features/steps/moisture_management.py:19
    And we have a list of optimal environment for plants where we can search the matching plant Succulent # features/steps/moisture_management.py:23
    And that plant requires an optimal moisture level between 8 and 12                                    # features/steps/moisture_management.py:28
    When the plant has an average moisture level of 15                                                    # features/steps/moisture_management.py:33
    Then Alert User should happen                                                                         # features/steps/moisture_management.py:37

